<!DOCTYPE html PUBLIC "-//W3C//DTD XHTML 1.1//EN" "http://www.w3.org/TR/xhtml11/DTD/xhtml11.dtd">
<html xmlns="http://www.w3.org/1999/xhtml">
<head>
<meta charset='utf-8'>
<title>TestNG Report</title>
<style type="text/css">
table {margin-bottom:10px;border-collapse:collapse;empty-cells:show}
td,th {border:1px solid #009;padding:.25em .5em}
.result th {vertical-align:bottom}
.param th {padding-left:1em;padding-right:1em}
.param td {padding-left:.5em;padding-right:2em}
.stripe td,.stripe th {background-color: #E6EBF9}
.numi,.numi_attn {text-align:right}
.total td {font-weight:bold}
.passedodd td {background-color: #0A0}
.passedeven td {background-color: #3F3}
.skippedodd td {background-color: #CCC}
.skippedodd td {background-color: #DDD}
.failedodd td,.numi_attn {background-color: #F33}
.failedeven td,.stripe .numi_attn {background-color: #D00}
.stacktrace {white-space:pre;font-family:monospace}
.totop {font-size:85%;text-align:center;border-bottom:2px solid #000}
</style>
</head>
<body>
<table cellspacing="0" cellpadding="0" class="testOverview">
<tr><th>Test</th><th>Methods<br/>Passed</th><th>Scenarios<br/>Passed</th><th># skipped</th><th># failed</th><th>Total<br/>Time</th><th>Included<br/>Groups</th><th>Excluded<br/>Groups</th></tr>
<tr><td style="text-align:left;padding-right:2em"><a href="#t1">C:/qa/autoria</a></td><td class="numi">1</td><td class="numi">1</td><td class="numi">0</td><td class="numi_attn">1</td><td class="numi">90,8 seconds</td><td class="numi"></td><td class="numi"></td></tr>
</table>
<table cellspacing="0" cellpadding="0" class="methodOverview" id="summary">
<tr><th>Class</th><th>Method</th><th># of<br/>Scenarios</th><th>Start</th><th>Time<br/>(ms)</th></tr>
<tr id="t1"><th colspan="5">C:/qa/autoria &#8212; failed</th></tr>
<tr class="failedodd"><td>tytarchuk.AutoriaSearchTest</td><td><a href="#m1"><b>searchByAllFieldsToFindOldestAndCheapestCar</b>  </a></td><td class="numi">1</td><td>1571078861842</td><td class="numi">88822</td></tr>
<tr><th colspan="5">C:/qa/autoria &#8212; passed</th></tr>
<tr class="passedodd"><td>tytarchuk.FCKarpatyTest</td><td><a href="#m2"><b>getResultsOfTeam</b>  </a></td><td class="numi">1</td><td>1571078950683</td><td class="numi">1809</td></tr>
</table>
<h1>C:/qa/autoria</h1>
<h2 id="m1">tytarchuk.AutoriaSearchTest:searchByAllFieldsToFindOldestAndCheapestCar</h2>
<div>
<div class="stacktrace">com.codeborne.selenide.ex.InvalidStateException: ElementClickInterceptedException: element click intercepted: Element &lt;a class=&quot;page-link js-next&quot; onclick=&quot;_gaq.push([&apos;_trackEvent&apos;, &apos;BuSearch&apos;, &apos;ClickOn_pagination_next&apos;, &apos;go_to_pagination&apos;])&quot; href=&quot;/search/?price_ot=10000&amp;amp;currency=1&amp;amp;price_do=25000&amp;amp;abroad=2&amp;amp;custom=1&amp;amp;page=7&amp;amp;countpage=10&quot; data-page=&quot;7&quot;&gt;...&lt;/a&gt; is not clickable at point (1369, 943). Other element would receive the click: &lt;label class=&quot;c-notifier-btn&quot; onclick=&quot;setCookieGdpr();trackCloseGdpr();&quot; for=&quot;c-notifier-close&quot;&gt;...&lt;/label&gt;
Timeout: 10 s.
Caused by: ElementClickInterceptedException: element click intercepted: Element &lt;a class=&quot;page-link js-next&quot; onclick=&quot;_gaq.push([&apos;_trackEvent&apos;, &apos;BuSearch&apos;, &apos;ClickOn_pagination_next&apos;, &apos;go_to_pagination&apos;])&quot; href=&quot;/search/?price_ot=10000&amp;amp;currency=1&amp;amp;price_do=25000&amp;amp;abroad=2&amp;amp;custom=1&amp;amp;page=7&amp;amp;countpage=10&quot; data-page=&quot;7&quot;&gt;...&lt;/a&gt; is not clickable at point (1369, 943). Other element would receive the click: &lt;label class=&quot;c-notifier-btn&quot; onclick=&quot;setCookieGdpr();trackCloseGdpr();&quot; for=&quot;c-notifier-close&quot;&gt;...&lt;/label&gt;
	at com.codeborne.selenide.impl.SelenideElementProxy.dispatchAndRetry(SelenideElementProxy.java:125)
	at com.codeborne.selenide.impl.SelenideElementProxy.invoke(SelenideElementProxy.java:65)
	at com.sun.proxy.$Proxy4.click(Unknown Source)
	at tytarchuk.AutoriaResultPage.goThroughAllPagesAndCollectData(AutoriaResultPage.java:30)
	at tytarchuk.AutoriaSearchTest.searchByAllFieldsToFindOldestAndCheapestCar(AutoriaSearchTest.java:28)
	at sun.reflect.NativeMethodAccessorImpl.invoke0(Native Method)
	at sun.reflect.NativeMethodAccessorImpl.invoke(NativeMethodAccessorImpl.java:62)
	at sun.reflect.DelegatingMethodAccessorImpl.invoke(DelegatingMethodAccessorImpl.java:43)
	at java.lang.reflect.Method.invoke(Method.java:498)
	at org.testng.internal.MethodInvocationHelper.invokeMethod(MethodInvocationHelper.java:133)
	at org.testng.internal.TestInvoker.invokeMethod(TestInvoker.java:584)
	at org.testng.internal.TestInvoker.invokeTestMethod(TestInvoker.java:172)
	at org.testng.internal.MethodRunner.runInSequence(MethodRunner.java:46)
	at org.testng.internal.TestInvoker$MethodInvocationAgent.invoke(TestInvoker.java:804)
	at org.testng.internal.TestInvoker.invokeTestMethods(TestInvoker.java:145)
	at org.testng.internal.TestMethodWorker.invokeTestMethods(TestMethodWorker.java:146)
	at org.testng.internal.TestMethodWorker.run(TestMethodWorker.java:128)
	at java.util.ArrayList.forEach(ArrayList.java:1249)
	at org.testng.TestRunner.privateRun(TestRunner.java:770)
	at org.testng.TestRunner.run(TestRunner.java:591)
	at org.testng.SuiteRunner.runTest(SuiteRunner.java:402)
	at org.testng.SuiteRunner.runSequentially(SuiteRunner.java:396)
	at org.testng.SuiteRunner.privateRun(SuiteRunner.java:355)
	at org.testng.SuiteRunner.run(SuiteRunner.java:304)
	at org.testng.SuiteRunnerWorker.runSuite(SuiteRunnerWorker.java:53)
	at org.testng.SuiteRunnerWorker.run(SuiteRunnerWorker.java:96)
	at org.testng.TestNG.runSuitesSequentially(TestNG.java:1180)
	at org.testng.TestNG.runSuitesLocally(TestNG.java:1102)
	at org.testng.TestNG.runSuites(TestNG.java:1032)
	at org.testng.TestNG.run(TestNG.java:1000)
	at org.testng.IDEARemoteTestNG.run(IDEARemoteTestNG.java:72)
	at org.testng.RemoteTestNGStarter.main(RemoteTestNGStarter.java:127)
Caused by: org.openqa.selenium.ElementClickInterceptedException: element click intercepted: Element &lt;a class=&quot;page-link js-next&quot; onclick=&quot;_gaq.push([&apos;_trackEvent&apos;, &apos;BuSearch&apos;, &apos;ClickOn_pagination_next&apos;, &apos;go_to_pagination&apos;])&quot; href=&quot;/search/?price_ot=10000&amp;amp;currency=1&amp;amp;price_do=25000&amp;amp;abroad=2&amp;amp;custom=1&amp;amp;page=7&amp;amp;countpage=10&quot; data-page=&quot;7&quot;&gt;...&lt;/a&gt; is not clickable at point (1369, 943). Other element would receive the click: &lt;label class=&quot;c-notifier-btn&quot; onclick=&quot;setCookieGdpr();trackCloseGdpr();&quot; for=&quot;c-notifier-close&quot;&gt;...&lt;/label&gt;
  (Session info: chrome=77.0.3865.90)
Build info: version: &apos;3.141.59&apos;, revision: &apos;e82be7d358&apos;, time: &apos;2018-11-14T08:17:03&apos;
System info: host: &apos;DESKTOP-GERN02M&apos;, ip: &apos;192.168.1.247&apos;, os.name: &apos;Windows 10&apos;, os.arch: &apos;amd64&apos;, os.version: &apos;10.0&apos;, java.version: &apos;1.8.0_131&apos;
Driver info: org.openqa.selenium.chrome.ChromeDriver
Capabilities {acceptInsecureCerts: false, browserName: chrome, browserVersion: 77.0.3865.90, chrome: {chromedriverVersion: 77.0.3865.40 (f484704e052e0..., userDataDir: C:\Users\tytar\AppData\Loca...}, goog:chromeOptions: {debuggerAddress: localhost:65071}, javascriptEnabled: true, networkConnectionEnabled: false, pageLoadStrategy: normal, platform: XP, platformName: XP, proxy: Proxy(), setWindowRect: true, strictFileInteractability: false, timeouts: {implicit: 0, pageLoad: 300000, script: 30000}, unhandledPromptBehavior: dismiss and notify}
Session ID: a27d0b2e6303332b3a1fd42f937410d1
	at sun.reflect.GeneratedConstructorAccessor14.newInstance(Unknown Source)
	at sun.reflect.DelegatingConstructorAccessorImpl.newInstance(DelegatingConstructorAccessorImpl.java:45)
	at java.lang.reflect.Constructor.newInstance(Constructor.java:423)
	at org.openqa.selenium.remote.http.W3CHttpResponseCodec.createException(W3CHttpResponseCodec.java:187)
	at org.openqa.selenium.remote.http.W3CHttpResponseCodec.decode(W3CHttpResponseCodec.java:122)
	at org.openqa.selenium.remote.http.W3CHttpResponseCodec.decode(W3CHttpResponseCodec.java:49)
	at org.openqa.selenium.remote.HttpCommandExecutor.execute(HttpCommandExecutor.java:158)
	at org.openqa.selenium.remote.service.DriverCommandExecutor.execute(DriverCommandExecutor.java:83)
	at org.openqa.selenium.remote.RemoteWebDriver.execute(RemoteWebDriver.java:552)
	at org.openqa.selenium.remote.RemoteWebElement.execute(RemoteWebElement.java:285)
	at org.openqa.selenium.remote.RemoteWebElement.click(RemoteWebElement.java:84)
	at com.codeborne.selenide.commands.Click.click(Click.java:26)
	at com.codeborne.selenide.commands.Click.execute(Click.java:13)
	at com.codeborne.selenide.commands.Click.execute(Click.java:9)
	at com.codeborne.selenide.commands.Commands.execute(Commands.java:145)
	at com.codeborne.selenide.impl.SelenideElementProxy.dispatchAndRetry(SelenideElementProxy.java:99)
	... 31 more
</div>
</div>
<p class="totop"><a href="#summary">back to summary</a></p>
<h2 id="m2">tytarchuk.FCKarpatyTest:getResultsOfTeam</h2>
<p class="totop"><a href="#summary">back to summary</a></p>
</body></html>
